<?xml version="1.0" encoding="UTF-8"?>
<!-- Generated by org.testng.reporters.JUnitXMLReporter -->
<testsuite ignored="0" hostname="MSI" failures="2" tests="5" name="LoginTests" time="116.77" errors="0" timestamp="2025-07-18T10:44:13 IST">
  <testcase classname="com.orangehrm.automation.tests.LoginTests" name="testLogin" time="4.881"/>
  <testcase classname="com.orangehrm.automation.tests.LoginTests" name="testLogin" time="22.59"/>
  <testcase classname="com.orangehrm.automation.tests.LoginTests" name="testLogin" time="22.039"/>
  <testcase classname="com.orangehrm.automation.tests.LoginTests" name="testLogin" time="21.096">
    <failure type="java.lang.AssertionError" message="❌ Unexpected success for invalid credentials: Admin expected [true] but found [false]">
      <![CDATA[java.lang.AssertionError: ❌ Unexpected success for invalid credentials: Admin expected [true] but found [false]
at com.orangehrm.automation.tests.LoginTests.testLogin(LoginTests.java:37)
at java.base/java.util.ArrayList.forEach(ArrayList.java:1596)
... Removed 28 stack frames]]>
    </failure>
  </testcase> <!-- testLogin -->
  <testcase classname="com.orangehrm.automation.tests.LoginTests" name="testLogin" time="21.153">
    <failure type="java.lang.AssertionError" message="❌ Unexpected success for invalid credentials:  expected [true] but found [false]">
      <![CDATA[java.lang.AssertionError: ❌ Unexpected success for invalid credentials:  expected [true] but found [false]
at com.orangehrm.automation.tests.LoginTests.testLogin(LoginTests.java:37)
at java.base/java.util.ArrayList.forEach(ArrayList.java:1596)
... Removed 28 stack frames]]>
    </failure>
  </testcase> <!-- testLogin -->
</testsuite> <!-- LoginTests -->
