<?xml version="1.0" encoding="UTF-8"?>
<!-- Generated by org.testng.reporters.JUnitXMLReporter -->
<testsuite ignored="0" hostname="MSI" failures="1" tests="1" name="Login Tests" time="0.054" errors="0" timestamp="2025-07-18T17:14:50 IST">
  <testcase classname="com.orangehrm.automation.tests.LoginTests" name="testLogin" time="0.0">
    <failure type="org.testng.TestNGException" message="
Data Provider public java.lang.Object[][] com.orangehrm.automation.tests.LoginTests.getLoginData() returned a null value">
      <![CDATA[org.testng.TestNGException: 
Data Provider public java.lang.Object[][] com.orangehrm.automation.tests.LoginTests.getLoginData() returned a null value
at java.base/java.util.ArrayList.forEach(ArrayList.java:1596)
... Removed 24 stack frames]]>
    </failure>
  </testcase> <!-- testLogin -->
</testsuite> <!-- Login Tests -->
